<?xml version="1.0" encoding="UTF-8"?>
<!-- Generated by org.testng.reporters.JUnitXMLReporter -->
<testsuite hostname="DESKTOP-MK0TLKI" name="Test" tests="1" failures="1" timestamp="24 Mar 2021 14:40:42 GMT" time="0.386" errors="0">
  <testcase name="Test" time="0.32" classname="com.spring.HelloSelenium">
    <failure type="java.lang.IllegalStateException" message="The driver executable does not exist: F:\geckodriver\geckodriver.exc">
      <![CDATA[java.lang.IllegalStateException: The driver executable does not exist: F:\geckodriver\geckodriver.exc
	at com.google.common.base.Preconditions.checkState(Preconditions.java:585)
	at org.openqa.selenium.remote.service.DriverService.checkExecutable(DriverService.java:146)
	at org.openqa.selenium.remote.service.DriverService.findExecutable(DriverService.java:141)
	at org.openqa.selenium.firefox.GeckoDriverService.access$100(GeckoDriverService.java:44)
	at org.openqa.selenium.firefox.GeckoDriverService$Builder.findDefaultExecutable(GeckoDriverService.java:167)
	at org.openqa.selenium.remote.service.DriverService$Builder.build(DriverService.java:355)
	at org.openqa.selenium.firefox.FirefoxDriver.toExecutor(FirefoxDriver.java:190)
	at org.openqa.selenium.firefox.FirefoxDriver.<init>(FirefoxDriver.java:147)
	at org.openqa.selenium.firefox.FirefoxDriver.<init>(FirefoxDriver.java:125)
	at com.spring.HelloSelenium.Test(HelloSelenium.java:17)
... Removed 24 stack frames]]>
    </failure>
  </testcase> <!-- Test -->
</testsuite> <!-- Test -->
