<?xml version="1.0" encoding="UTF-8"?>
<testng-results skipped="0" failed="0" total="1" passed="1">
  <reporter-output>
  </reporter-output>
  <suite name="Suite" duration-ms="13780" started-at="2021-03-19T12:57:33Z" finished-at="2021-03-19T12:57:47Z">
    <groups>
    </groups>
    <test name="Test" duration-ms="13780" started-at="2021-03-19T12:57:33Z" finished-at="2021-03-19T12:57:47Z">
      <class name="com.spring.HelloSelenium">
        <test-method status="PASS" signature="Test()[pri:0, instance:com.spring.HelloSelenium@6b09bb57]" name="Test" duration-ms="13744" started-at="2021-03-19T18:27:33Z" finished-at="2021-03-19T18:27:47Z">
          <reporter-output>
          </reporter-output>
        </test-method> <!-- Test -->
      </class> <!-- com.spring.HelloSelenium -->
    </test> <!-- Test -->
  </suite> <!-- Suite -->
</testng-results>
